0:100  0:100  MemLog inited, TSC freq: 3600498720
0:100  0:000  CPU was calibrated with RTC
0:100  0:000  
0:100  0:000  Now is 11.4.2019,  3:17:45 (GMT)
0:100  0:000  Starting Clover revision: 4910 on American Megatrends EFI
0:100  0:000  Build with: [Args: -nb -mc --no-usb -D NO_GRUB_DRIVERS_EMBEDDED | -D DISABLE_USB_SUPPORT -D NO_GRUB_DRIVERS_EMBEDDED -D USE_BIOS_BLOCKIO -D USE_LOW_EBDA -D HAVE_LEGACY_EMURUNTIMEDXE -a X64 -b RELEASE -t XCODE8 -n 5 | OS: 10.13.6 | XCODE: 10.1]
0:100  0:000  SelfDevicePath=PciRoot(0x0)\Pci(0x1D,0x0)\Pci(0x0,0x0)\NVMe(0x1,44-E7-93-44-8B-44-1B-00)\HD(1,GPT,CAFA737B-F494-4FCB-A321-57F8F13DA61D,0x28,0x64000) @49BC9B98
0:100  0:000  SelfDirPath = \EFI\BOOT
0:100  0:000  === [ Get Smbios ] ========================================
0:100  0:000  Type 16 Index = 0
0:100  0:000  Total Memory Slots Count = 2
0:100  0:000  Type 17 Index = 0
0:100  0:000  SmbiosTable.Type17->Speed = 2667MHz
0:100  0:000  SmbiosTable.Type17->Size = 16384MB
0:100  0:000  SmbiosTable.Type17->Bank/Device = BANK 0 ChannelA-DIMM0
0:100  0:000  SmbiosTable.Type17->Vendor = 029E
0:100  0:000  SmbiosTable.Type17->SerialNumber = 00000000
0:100  0:000  SmbiosTable.Type17->PartNumber = CMK32GX4M2A2666C16  
0:100  0:000  Type 17 Index = 1
0:100  0:000  SmbiosTable.Type17->Speed = 2667MHz
0:100  0:000  SmbiosTable.Type17->Size = 16384MB
0:100  0:000  SmbiosTable.Type17->Bank/Device = BANK 2 ChannelB-DIMM0
0:100  0:000  SmbiosTable.Type17->Vendor = 029E
0:100  0:000  SmbiosTable.Type17->SerialNumber = 00000000
0:100  0:000  SmbiosTable.Type17->PartNumber = CMK32GX4M2A2666C16  
0:100  0:000  Boot status=0
0:100  0:000  Running on: 'To Be Filled By O.E.M.' with board 'Z390 Phantom Gaming-ITX_ac'
0:100  0:000  === [ GetCPUProperties ] ==================================
0:100  0:000  CPU Vendor = 756E6547 Model=906EC
0:100  0:000   The CPU supported SSE4.1
0:100  0:000  BrandString = Intel(R) Core(TM) i9-9900K CPU @ 3.60GHz
0:100  0:000   The CPU supported turbo
0:100  0:000  MSR 0x35               80010
0:100  0:000   TSC/CCC Information Leaf:
0:100  0:000    numerator     : 300
0:100  0:000    denominator   : 2
0:100  0:000   Calibrated ARTFrequency: 24003324
0:100  0:000  MSR 0xE2 before patch 00000000
0:100  0:000  MSR 0xCE              08080838_F1012400
0:100  0:000  corrected FLEX_RATIO = E0000
0:100  0:000  MSR 0x1B0             00000000
0:100  0:000  FSBFrequency = 100 MHz, DMI FSBFrequency = 100 MHz, Corrected FSBFrequency = 100 MHz
0:100  0:000  MaxDiv/MinDiv: 36.0/8
0:100  0:000  Turbo: 50/50/50/50
0:100  0:000  Features: 0xBFEBFBFF
0:100  0:000  Threads: 16
0:100  0:000  Cores: 8
0:100  0:000  FSB: 100 MHz
0:100  0:000  CPU: 3599 MHz
0:100  0:000  TSC: 3599 MHz
0:100  0:000  PIS: 100 MHz
0:100  0:000  ExternalClock: 25 MHz
0:100  0:000  === [ GetDevices ] ========================================
0:100  0:000  PCI (00|00:00.00) : 8086 3E30 class=060000
0:100  0:000  PCI (00|00:01.00) : 8086 1901 class=060400
0:100  0:000  PCI (00|01:00.00) : 1022 1470 class=060400
0:100  0:000  PCI (00|02:00.00) : 1022 1471 class=060400
0:100  0:000  PCI (00|03:00.00) : 1002 687F class=030000
0:100  0:000   - GFX: Model=AMD Radeon Vega 64 (ATI/AMD)
0:100  0:000  PCI (00|03:00.01) : 1002 AAF8 class=040300
0:100  0:000   - HDMI Audio: 
0:100  0:000  PCI (00|00:02.00) : 8086 3E98 class=038000
0:100  0:000   - GFX: Model=Intel UHD Graphics 630 (Intel)
0:100  0:000  PCI (00|00:12.00) : 8086 A379 class=118000
0:100  0:000  PCI (00|00:14.00) : 8086 A36D class=0C0330
0:100  0:000  PCI (00|00:14.02) : 8086 A36F class=050000
0:100  0:000  PCI (00|00:16.00) : 8086 A360 class=078000
0:100  0:000  PCI (00|00:17.00) : 8086 A352 class=010601
0:100  0:000  PCI (00|00:1B.00) : 8086 A340 class=060400
0:100  0:000  PCI (00|04:00.00) : 126F 2262 class=010802
0:100  0:000  PCI (00|00:1B.04) : 8086 A32C class=060400
0:100  0:000  PCI (00|00:1C.00) : 8086 A33D class=060400
0:100  0:000  PCI (00|3E:00.00) : 14E4 43B1 class=028000
0:100  0:000   - WIFI: Vendor=Broadcom
0:100  0:000  PCI (00|00:1D.00) : 8086 A330 class=060400
0:100  0:000  PCI (00|3F:00.00) : 15B7 5002 class=010802
0:100  0:000  PCI (00|00:1F.00) : 8086 A305 class=060100
0:100  0:000  PCI (00|00:1F.03) : 8086 A348 class=040300
0:100  0:000  PCI (00|00:1F.04) : 8086 A323 class=0C0500
0:100  0:000  PCI (00|00:1F.05) : 8086 A324 class=0C8000
0:100  0:000  PCI (00|00:1F.06) : 8086 15BC class=020000
0:100  0:000   - LAN: 0 Vendor=Intel
0:100  0:000  === [ GetDefaultSettings ] ================================
0:100  0:000  Clover load options size = 0 bytes
0:102  0:001  EFI\CLOVER\config.plist loaded: Success
0:102  0:000  === [ GetListOfThemes ] ===================================
0:102  0:000  - [00]: random
0:102  0:000  - [00]: embedded
0:103  0:000  - [00]: MaterialDark
0:104  0:001  === [ Found config plists ] ===============================
0:104  0:000  - config.plist
0:104  0:000  === [ GetEarlyUserSettings ] ==============================
0:104  0:000  timeout set to 5
0:104  0:000  Custom boot CUSTOM_BOOT_DISABLED (0x0)
0:104  0:000  KextsToPatch: 5 requested
0:104  0:000   - [00]: com.apple.driver.usb.AppleUSBXHCI (Port limit increase) :: MatchOS: 10.12.x :: BinPatch :: data len: 7
0:104  0:000   - patch disabled at config
0:104  0:000   - [01]: com.apple.driver.usb.AppleUSBXHCI (Port limit increase (RehabMan)) :: MatchOS: 10.13.x :: BinPatch :: data len: 10
0:104  0:000   - patch disabled at config
0:104  0:000   - [02]: com.apple.driver.usb.AppleUSBXHCI (change 15 port limit to 26 in XHCI kext (credit PMHeart)) :: MatchOS: 10.14.0 :: BinPatch :: data len: 9
0:104  0:000   - patch disabled at config
0:104  0:000   - [03]: com.apple.driver.usb.AppleUSBXHCI (USB Port limit patch 10.14.1 18B45d (credits Ricky)) :: MatchOS: 10.14.x :: BinPatch :: data len: 9
0:104  0:000   - patch disabled at config
0:104  0:000   - [04]: AppleAHCIPort (External Icons Patch) :: BinPatch :: data len: 8
0:105  0:000  Default theme: MaterialDark
0:105  0:000  Hiding entries with string recovery
0:105  0:000  Hiding entries with string preboot
0:105  0:000  === [ LoadDrivers ] =======================================
0:105  0:000  Loading DataHubDxe-64.efi  status=Success
0:108  0:002  Loading VBoxHfs-64.efi  status=Success
0:110  0:001   - driver needs connecting
0:110  0:000  Loading FSInject-64.efi  status=Success
0:110  0:000  Loading EmuVariableUefi-64.efi  status=Success
0:113  0:003  EmuVariableUefi Initialize: VariableCommonInitialize = Success, orig services stored, install gEmuVariableControlProtocolGuid = Success
0:114  0:000  Loading SMCHelper-64.efi  status=Success
0:115  0:001  Loading ApfsDriverLoader-64.efi  status=Success
0:116  0:001   - driver needs connecting
0:116  0:000  Loading OsxAptioFixDrv-64.efi  status=Success
0:117  0:001  2 drivers needs connecting ...
0:117  0:000  PlatformDriverOverrideProtocol not found. Installing ... Success
0:117  0:000  APFS driver loaded
0:117  0:000  Searching for invalid DiskIo BY_DRIVER connects: not found, all ok
0:312  0:194  EmuVariable InstallEmulation: orig vars copied, emu.var.services installed, CreateEvent VirtualAddressChange = Success, CreateEvent ExitBootServices = Success, set Status=Success
0:338  0:026  === [ InitScreen ] ========================================
0:338  0:000  Console modes reported: 4, available modes:
0:338  0:000   - [01]: 80x25 (current mode)
0:338  0:000   - [02]: 128x40
0:338  0:000   - [03]: 100x31
0:338  0:000   - [04]: 160x53
0:338  0:000  SetMaxResolution: found best mode 3: 1280x1024
0:433  0:095  Video mode change to mode #3: Success
0:433  0:000   - set
0:433  0:000  reinit: self device path=PciRoot(0x0)\Pci(0x1D,0x0)\Pci(0x0,0x0)\NVMe(0x1,44-E7-93-44-8B-44-1B-00)\HD(1,GPT,CAFA737B-F494-4FCB-A321-57F8F13DA61D,0x28,0x64000)
0:434  0:000  Using embedded font: Success
0:435  0:000  === [ GetMacAddress ] =====================================
0:435  0:000   get legacy LAN MAC, 1 card found
0:435  0:000  Legacy MAC address of LAN #0= 70:85:C2:A6:42:03:
0:435  0:000  === [ ScanSPD ] ===========================================
0:435  0:000  Scanning SMBus [8086:A323], mmio: 0xDC838004, ioport: 0xEFA0, hostc: 0x1
0:454  0:018  Slot: 0 Type 26 16384MB 2666MHz Vendor=Corsair PartNo=CMK32GX4M2A2666C16 SerialNo=0000000000000000
0:472  0:018  Slot: 2 Type 26 16384MB 2666MHz Vendor=Corsair PartNo=CMK32GX4M2A2666C16 SerialNo=0000000000000000
0:473  0:000  === [ GetAcpiTablesList ] =================================
0:473  0:000  Get Acpi Tables List from RSDT:
0:473  0:000   - [00]: FACP  A M I  len=132
0:473  0:000   - [01]: APIC  A M I  len=300
0:473  0:000   - [02]: FPDT  A M I  len=68
0:473  0:000   - [03]: FIDT  A M I len=156
0:473  0:000   - [04]: MCFG  A M I  len=60
0:473  0:000   - [05]: SSDT  SataTabl len=888
0:473  0:000   - [06]: SSDT  CpuSsdt len=6940
0:473  0:000   - [07]: AAFT  OEMAAFT  len=552
0:473  0:000   - [08]: SSDT  SaSsdt  len=12742
0:473  0:000   - [09]: SSDT  PegSsdt len=8987
0:473  0:000   - [10]: HPET  A M I  len=56
0:473  0:000   - [11]: SSDT  xh_cfsd4 len=10576
0:473  0:000   - [12]: UEFI  A M I  len=66
0:473  0:000   - [13]: LPIT  A M I  len=92
0:473  0:000   - [14]: SSDT  TbtTypeC len=5346
0:473  0:000   - [15]: DBGP  A M I  len=52
0:473  0:000   - [16]: DBG2  A M I  len=84
0:473  0:000   - [17]: SSDT  UsbCTabl len=7015
0:473  0:000   - [18]: SSDT  ADebTabl len=324
0:473  0:000   - [19]: BGRT  A M I  len=56
0:473  0:000   - [20]: WSMT  A M I  len=40
0:473  0:000  Calibrated TSC Frequency = 3600498720 = 3600MHz
0:473  0:000  === [ GetUserSettings ] ===================================
0:473  0:000  USB FixOwnership: yes
0:473  0:000  Dropping 2 tables:
0:473  0:000   - [00]: Drop table  signature="DMAR" (52414D44)
0:473  0:000           - set table: 52414D44,                0 to drop: no
0:473  0:000   - [01]: Drop table  signature="MATS" (5354414D)
0:473  0:000           - set table: 5354414D,                0 to drop: no
0:473  0:000   - final DSDT Fix mask=00060054
0:473  0:000  PatchesDSDT: 5 requested
0:473  0:000   - [00]: (change XHCI to XHC) lenToFind: 4, lenToReplace: 4, Target Bridge: <null string>
0:473  0:000   - [01]: (change XHC1 to XHC) lenToFind: 4, lenToReplace: 4, Target Bridge: <null string>
0:473  0:000   - [02]: (change SAT0 to SATA) lenToFind: 4, lenToReplace: 4, Target Bridge: <null string>
0:473  0:000   - [03]: (change GFX0 to IGPU) lenToFind: 4, lenToReplace: 4, Target Bridge: <null string>
0:473  0:000   - [04]: (Fix AsRock Z390 BIOS DSDT Device(RTC) bug. If BIOS > 1.2) lenToFind: 8, lenToReplace: 8, Target Bridge: <null string>
0:473  0:000  Using ProductName from config: iMacPro1,1
0:473  0:000  Found same BiosVersion in clover and config
0:473  0:000  BiosVersion: IMP11.88Z.0064.B30.1712081714
0:473  0:000  BiosReleaseDate: 12/08/2017
0:473  0:000  Using EfiVersion from config: 220.240.2.0.0
0:473  0:000  Using FirmwareFeatures from config: 0xFD8FF53F
0:473  0:000  Using FirmwareFeaturesMask from config: 0xFF9FFF3F
0:473  0:000  Board-ID set from config as Mac-7BA5B2D9E42DDD94
0:473  0:000  BoardType: 0xA
0:473  0:000  ChassisType: 0x9
0:474  0:000  === [ Found DSDT tables ] =================================
0:547  0:073  === [ ScanVolumes ] =======================================
0:547  0:000  Found 11 volumes with blockIO
0:547  0:000  - [00]: Volume: PciRoot(0x0)\Pci(0x1B,0x0)\Pci(0x0,0x0)\NVMe(0x1,00-00-00-00-00-00-00-00)
0:548  0:000          Result of bootcode detection: bootable unknown (legacy)
0:548  0:000  - [01]: Volume: PciRoot(0x0)\Pci(0x1B,0x0)\Pci(0x0,0x0)\NVMe(0x1,00-00-00-00-00-00-00-00)\HD(1,GPT,BF87754F-1C22-4C2B-A394-221EE7B09DDF,0x800,0x8000)
0:548  0:000  - [02]: Volume: PciRoot(0x0)\Pci(0x1B,0x0)\Pci(0x0,0x0)\NVMe(0x1,00-00-00-00-00-00-00-00)\HD(2,GPT,93D27FD2-A37B-4AA0-8EA0-7C00D10C7A09,0x8800,0x772CB3EF)
0:548  0:000          Result of bootcode detection: bootable Windows (vista,win)
0:548  0:000  - [03]: Volume: PciRoot(0x0)\Pci(0x1B,0x0)\Pci(0x0,0x0)\NVMe(0x1,00-00-00-00-00-00-00-00)\HD(3,GPT,1E832AA3-8E43-452F-8E68-F18F82181647,0x772D4000,0xE8800)
0:548  0:000          Result of bootcode detection: bootable Windows (vista,win)
0:548  0:000  - [04]: Volume: PciRoot(0x0)\Pci(0x1D,0x0)\Pci(0x0,0x0)\NVMe(0x1,44-E7-93-44-8B-44-1B-00)
0:548  0:000          Result of bootcode detection: bootable unknown (legacy)
0:548  0:000  - [05]: Volume: PciRoot(0x0)\Pci(0x1D,0x0)\Pci(0x0,0x0)\NVMe(0x1,44-E7-93-44-8B-44-1B-00)\HD(1,GPT,CAFA737B-F494-4FCB-A321-57F8F13DA61D,0x28,0x64000)
0:548  0:000          Result of bootcode detection: bootable unknown (legacy)
0:549  0:000          This is SelfVolume !!
0:549  0:000  - [06]: Volume: PciRoot(0x0)\Pci(0x1D,0x0)\Pci(0x0,0x0)\NVMe(0x1,44-E7-93-44-8B-44-1B-00)\HD(2,GPT,3DA41BDF-C7E4-4FFE-B1C7-67BB4AAABC01,0x64028,0x3A321FE0)
0:549  0:000          Result of bootcode detection: bootable unknown (legacy)
0:549  0:000  - [07]: Volume: PciRoot(0x0)\Pci(0x1D,0x0)\Pci(0x0,0x0)\NVMe(0x1,44-E7-93-44-8B-44-1B-00)\HD(2,GPT,3DA41BDF-C7E4-4FFE-B1C7-67BB4AAABC01,0x64028,0x3A321FE0)\VenMedia(BE74FCF7-0B7C-49F3-9147-01F4042E6842,3F0A6C9A39378249B99F5057DA803241)
0:549  0:000          hiding this volume
0:549  0:000  - [08]: Volume: PciRoot(0x0)\Pci(0x1D,0x0)\Pci(0x0,0x0)\NVMe(0x1,44-E7-93-44-8B-44-1B-00)\HD(2,GPT,3DA41BDF-C7E4-4FFE-B1C7-67BB4AAABC01,0x64028,0x3A321FE0)\VenMedia(BE74FCF7-0B7C-49F3-9147-01F4042E6842,08C723C2C45AE431B92958FFBC95E291)
0:549  0:000  - [09]: Volume: PciRoot(0x0)\Pci(0x1D,0x0)\Pci(0x0,0x0)\NVMe(0x1,44-E7-93-44-8B-44-1B-00)\HD(2,GPT,3DA41BDF-C7E4-4FFE-B1C7-67BB4AAABC01,0x64028,0x3A321FE0)\VenMedia(BE74FCF7-0B7C-49F3-9147-01F4042E6842,2A833F242DCBB84DBD9D8D171A10904C)
0:549  0:000          hiding this volume
0:549  0:000  - [10]: Volume: PciRoot(0x0)\Pci(0x1D,0x0)\Pci(0x0,0x0)\NVMe(0x1,44-E7-93-44-8B-44-1B-00)\HD(2,GPT,3DA41BDF-C7E4-4FFE-B1C7-67BB4AAABC01,0x64028,0x3A321FE0)\VenMedia(BE74FCF7-0B7C-49F3-9147-01F4042E6842,F7248AEEB849CC46B9CF500889CA881C)
0:550  0:001  Loading nvram.plist from Vol 'EFI' - loaded, size=4056
0:552  0:001  === [ PutNvramPlistToRtVars ] =============================
0:552  0:000   Adding Key: BootCampHD: Size = 44, Data: 02 01 0C 00 D0 41 03 0A 00 00 00 00 01 01 06 00 00 1B 01 01 06 00 00 00 03 16 10 00 01 00 00 00 00 00 00 00 00 00 00 00 7F FF 04 00 
0:552  0:000   Adding Key: EFILoginHiDPI: Size = 4, Data: 00 00 00 00 
0:552  0:000   Skipping EmuVariableUefiPresent
0:552  0:000   Skipping OsxAptioFixDrv-RelocBase
0:552  0:000   Adding Key: SystemAudioVolume: Size = 1, Data: 41 
0:552  0:000   Adding Key: SystemAudioVolumeDB: Size = 1, Data: F0 
0:552  0:000   Adding Key: bluetoothActiveControllerInfo: Size = 16, Data: 7A E0 89 04 00 00 00 00 90 14 AC D1 B8 E5 E6 D0 
0:552  0:000   Adding Key: csr-active-config: Size = 4, Data: 69 00 00 00 
0:552  0:000   Adding Key: efi-boot-device: Size = 216, Data: 3C 61 72 72 61 79 3E 3C 64 69 63 74 3E 3C 6B 65 79 3E 49 4F 4D 61 74 63 68 3C 2F 6B 65 79 3E 3C 64 69 63 74 3E 3C 6B 65 79 3E 49 4F 50 72 6F 76 69 64 65 72 43 6C 61 73 73 3C 2F 6B 65 79 3E 3C 73 74 72 69 6E 67 3E 49 4F 4D 65 64 69 61 3C 2F 73 74 72 69 6E 67 3E 3C 6B 65 79 3E 49 4F 50 72 6F 70 65 72 74 79 4D 61 74 63 68 3C 2F 6B 65 79 3E 3C 64 69 63 74 3E 3C 6B 65 79 3E 55 55 49 44 3C 2F 6B 65 79 3E 3C 73 74 72 69 6E 67 3E 33 44 41 34 31 42 44 46 2D 43 37 45 34 2D 34 46 46 45 2D 42 31 43 37 2D 36 37 42 42 34 41 41 41 42 43 30 31 3C 2F 73 74 72 69 6E 67 3E 3C 2F 64 69 63 74 3E 3C 2F 64 69 63 74 3E 3C 2F 64 69 63 74 3E 3C 2F 61 72 72 61 79 3E 
0:552  0:000   Adding Key: efi-boot-device-data: Size = 122, Data: 02 01 0C 00 D0 41 03 0A 00 00 00 00 01 01 06 00 00 1D 01 01 06 00 00 00 03 17 10 00 01 00 00 00 00 1B 44 8B 44 93 E7 44 04 01 2A 00 02 00 00 00 28 40 06 00 00 00 00 00 E0 1F 32 3A 00 00 00 00 DF 1B A4 3D E4 C7 FE 4F B1 C7 67 BB 4A AA BC 01 02 02 04 03 24 00 F7 FC 74 BE 7C 0B F3 49 91 47 01 F4 04 2E 68 42 08 C7 23 C2 C4 5A E4 31 B9 29 58 FF BC 95 E2 91 7F FF 04 00 
0:552  0:000   Adding Key: fakesmc-key-#KEY-ui32: Size = 4, Data: 00 00 00 10 
0:552  0:000   Adding Key: fakesmc-key-$Adr-ui32: Size = 4, Data: 00 00 03 00 
0:552  0:000   Adding Key: fakesmc-key-$Num-ui8: Size = 1, Data: 01 
0:552  0:000   Adding Key: fakesmc-key-BATP-flag: Size = 1, Data: 00 
0:552  0:000   Adding Key: fakesmc-key-BEMB-flag: Size = 1, Data: 00 
0:552  0:000   Adding Key: fakesmc-key-BNum-ui8: Size = 1, Data: 00 
0:552  0:000   Adding Key: fakesmc-key-EPCI-ui32: Size = 4, Data: 09 70 F0 00 
0:552  0:000   Adding Key: fakesmc-key-MSAc-ui16: Size = 2, Data: 00 00 
0:552  0:000   Adding Key: fakesmc-key-MSFW-ui8: Size = 2, Data: 01 00 
0:552  0:000   Adding Key: fakesmc-key-MSPS-ui16: Size = 2, Data: 00 03 
0:552  0:000   Adding Key: fakesmc-key-MSTc-ui8: Size = 1, Data: 00 
0:552  0:000   Adding Key: fakesmc-key-MSWr-ui8: Size = 1, Data: 00 
0:552  0:000   Adding Key: fakesmc-key-RBr -ch8*: Size = 8, Data: 6A 31 33 37 00 34 5F 00 
0:552  0:000   Adding Key: fakesmc-key-REV -ch8*: Size = 6, Data: 02 41 0F 00 00 01 
0:552  0:000   Adding Key: fakesmc-key-RMde-char: Size = 1, Data: 41 
0:552  0:000   Adding Key: fakesmc-key-RPlt-ch8*: Size = 8, Data: 6A 31 33 37 00 00 00 00 
0:552  0:000   Adding Key: flagstate: Size = 32, Data: 00 00 00 00 00 00 00 00 00 00 00 00 00 00 00 00 00 00 00 00 00 00 00 00 00 00 00 00 00 00 00 00 
0:552  0:000   Adding Key: fmm-computer-name: Size = 16, Data: 4D 69 63 68 61 65 6C E2 80 99 73 20 69 4D 61 63 
0:552  0:000   Adding Key: fmm-mobileme-token-FMM: Size = 879, Data: 62 70 6C 69 73 74 30 30 DC 01 02 03 04 05 06 07 08 09 0A 0B 0C 0D 0E 10 0D 11 0D 12 13 14 15 16 1D 5F 10 0F 75 6E 72 65 67 69 73 74 65 72 53 74 61 74 65 5F 10 12 65 6E 61 62 6C 65 64 44 61 74 61 63 6C 61 73 73 65 73 59 61 75 74 68 54 6F 6B 65 6E 5E 64 69 73 61 62 6C 65 43 6F 6E 74 65 78 74 56 75 73 65 72 69 64 5D 65 6E 61 62 6C 65 43 6F 6E 74 65 78 74 58 75 73 65 72 6E 61 6D 65 58 70 65 72 73 6F 6E 49 44 57 61 64 64 54 69 6D 65 54 67 75 69 64 58 75 73 65 72 49 6E 66 6F 5F 10 13 64 61 74 61 63 6C 61 73 73 50 72 6F 70 65 72 74 69 65 73 10 00 A1 0F 5F 10 21 63 6F 6D 2E 61 70 70 6C 65 2E 44 61 74 61 63 6C 61 73 73 2E 44 65 76 69 63 65 4C 6F 63 61 74 6F 72 5F 10 CC 45 41 41 4F 41 41 41 41 42 4C 77 49 41 41 41 41 41 46 78 66 57 63 67 52 44 6D 64 7A 4C 6D 6C 6A 62 47 39 31 5A 43 35 68 64 58 52 6F 76 51 43 62 76 42 48 71 34 50 32 4F 53 79 4F 42 78 72 6B 2D 57 71 37 63 48 2D 6F 52 6D 31 6A 48 78 66 4B 42 73 74 72 78 79 49 50 2D 58 6F 4B 2D 37 32 46 4D 58 37 7A 6B 51 7A 66 44 4E 70 54 68 64 78 59 71 43 58 2D 34 39 32 70 6B 70 56 62 74 6A 76 66 42 4B 64 58 36 49 71 46 5A 63 51 43 57 54 32 30 7A 57 39 2D 39 50 4D 55 2D 6F 4E 43 64 65 51 78 4C 75 35 72 76 50 62 68 35 4B 4D 4D 51 53 36 31 36 73 30 53 57 31 4C 5F 61 32 4D 51 6D 63 6B 50 45 4E 5A 67 4D 79 6C 38 78 5F 77 7E 7E 11 01 F5 5F 10 19 67 72 6F 73 73 73 74 61 64 74 6C 65 67 65 6E 64 65 40 6D 61 63 2E 63 6F 6D 59 31 34 37 30 39 31 36 39 39 23 41 D7 17 D6 73 3B 93 0C 5F 10 24 37 39 43 42 32 44 33 32 2D 31 38 33 38 2D 34 37 34 41 2D 39 43 42 38 2D 38 37 33 45 35 46 33 30 35 35 34 38 D3 17 18 19 1A 1B 1C 5F 10 15 49 6E 55 73 65 4F 77 6E 65 72 44 69 73 70 6C 61 79 4E 61 6D 65 5F 10 13 49 6E 55 73 65 4F 77 6E 65 72 46 69 72 73 74 4E 61 6D 65 5F 10 12 49 6E 55 73 65 4F 77 6E 65 72 4C 61 73 74 4E 61 6D 65 5C 4D 69 63 68 61 65 6C 20 56 6F 6C 6B 57 4D 69 63 68 61 65 6C 54 56 6F 6C 6B D1 0F 1E D5 1F 20 21 22 23 24 25 26 27 28 56 61 70 73 45 6E 76 58 68 6F 73 74 6E 61 6D 65 5D 69 64 73 49 64 65 6E 74 69 66 69 65 72 56 73 63 68 65 6D 65 5D 61 75 74 68 4D 65 63 68 61 6E 69 73 6D 5A 50 72 6F 64 75 63 74 69 6F 6E 5F 10 13 70 33 33 2D 66 6D 69 70 2E 69 63 6C 6F 75 64 2E 63 6F 6D 5F 10 24 33 42 31 30 41 46 41 34 2D 43 44 31 45 2D 34 44 33 41 2D 42 34 32 30 2D 31 33 38 43 34 32 36 38 46 42 41 32 55 68 74 74 70 73 55 74 6F 6B 65 6E 00 08 00 21 00 33 00 48 00 52 00 61 00 68 00 76 00 7F 00 88 00 90 00 95 00 9E 00 B4 00 B6 00 B8 00 DC 01 AB 01 AE 01 CA 01 D4 01 DD 02 04 02 0B 02 23 02 39 02 4E 02 5B 02 63 02 68 02 6B 02 76 02 7D 02 86 02 94 02 9B 02 A9 02 B4 02 CA 02 F1 02 F7 00 00 00 00 00 00 02 01 00 00 00 00 00 00 00 29 00 00 00 00 00 00 00 00 00 00 00 00 00 00 02 FD 
0:552  0:000   Adding Key: fmm-mobileme-token-FMM-BridgeHasAccount: Size = 21, Data: 42 72 69 64 67 65 48 61 73 41 63 63 6F 75 6E 74 56 61 6C 75 65 
0:552  0:000   Adding Key: prev-lang:kbd: Size = 4, Data: 65 6E 3A 30 
0:552  0:000   Adding Key: security-mode: String: Size = 4, Val = 'none'
0:552  0:000   Adding Key: specialbootdevice: Size = 122, Data: 02 01 0C 00 D0 41 03 0A 00 00 00 00 01 01 06 00 00 1D 01 01 06 00 00 00 03 17 10 00 01 00 00 00 00 1B 44 8B 44 93 E7 44 04 01 2A 00 02 00 00 00 28 40 06 00 00 00 00 00 E0 1F 32 3A 00 00 00 00 DF 1B A4 3D E4 C7 FE 4F B1 C7 67 BB 4A AA BC 01 02 02 04 03 24 00 F7 FC 74 BE 7C 0B F3 49 91 47 01 F4 04 2E 68 42 08 C7 23 C2 C4 5A E4 31 B9 29 58 FF BC 95 E2 91 7F FF 04 00 
0:552  0:000  No AudioIoProtocols, status=Not Found
0:552  0:000  === [ InitTheme ] =========================================
0:552  0:000  use night theme
0:554  0:001  Using theme 'MaterialDark' (EFI\CLOVER\themes\MaterialDark)
0:554  0:000  OS main and drive as badge
0:557  0:003    Channels: 1  Sample rate: 44100 Hz  Bits: 16
0:557  0:000  output to channel 0 with volume 70, len=147584
0:557  0:000   sound channels=1 bits=16 freq=44100
0:557  0:000  not found AudioIo to play
0:557  0:000  free sound
0:557  0:000  sound play end with status=4FC82110
0:562  0:004    Channels: 1  Sample rate: 44100 Hz  Bits: 16
0:562  0:000  output to channel 0 with volume 70, len=147584
0:562  0:000   sound channels=1 bits=16 freq=44100
0:562  0:000  not found AudioIo to play
0:562  0:000  free sound
0:562  0:000  sound play end with status=4FC82110
0:564  0:001  Loading font from ThemeDir: Success
0:564  0:000  theme inited
0:564  0:000  Chosen theme MaterialDark
0:564  0:000  after NVRAM boot-args=keepsyms=1 dart=0 debug=0x100 -v shikigva=40
0:564  0:000  === [ Dump SMC keys from NVRAM ] ==========================
0:564  0:000  found AppleSMC protocol
0:564  0:000  Registered 16 SMC keys
0:564  0:000  === [ AddCustomEntries ] ==================================
0:564  0:000  Custom entry 0 Title:"Windows 10" Path:"\EFI\Microsoft\Boot\bootmgfw.efi" Options:"-s -h" Type:7 Flags:0x0 matching Volume:"93D27FD2-A37B-4AA0-8EA0-7C00D10C7A09"
0:564  0:000      Checking volume "Windows 10" (PciRoot(0x0)\Pci(0x1B,0x0)\Pci(0x0,0x0)\NVMe(0x1,00-00-00-00-00-00-00-00)\HD(2,GPT,93D27FD2-A37B-4AA0-8EA0-7C00D10C7A09,0x8800,0x772CB3EF)) ... match!
0:566  0:001  Custom settings: <null string>.plist will  be applied
0:566  0:000      Checking volume "" (PciRoot(0x0)\Pci(0x1B,0x0)\Pci(0x0,0x0)\NVMe(0x1,00-00-00-00-00-00-00-00)\HD(3,GPT,1E832AA3-8E43-452F-8E68-F18F82181647,0x772D4000,0xE8800)) ... skipped
0:566  0:000      Checking volume "EFI" (PciRoot(0x0)\Pci(0x1D,0x0)\Pci(0x0,0x0)\NVMe(0x1,44-E7-93-44-8B-44-1B-00)\HD(1,GPT,CAFA737B-F494-4FCB-A321-57F8F13DA61D,0x28,0x64000)) ... skipped
0:566  0:000      Checking volume "Preboot" (PciRoot(0x0)\Pci(0x1D,0x0)\Pci(0x0,0x0)\NVMe(0x1,44-E7-93-44-8B-44-1B-00)\HD(2,GPT,3DA41BDF-C7E4-4FFE-B1C7-67BB4AAABC01,0x64028,0x3A321FE0)\VenMedia(BE74FCF7-0B7C-49F3-9147-01F4042E6842,3F0A6C9A39378249B99F5057DA803241)) ... skipped because volume is hidden
0:566  0:000      Checking volume "Hackintosh HD" (PciRoot(0x0)\Pci(0x1D,0x0)\Pci(0x0,0x0)\NVMe(0x1,44-E7-93-44-8B-44-1B-00)\HD(2,GPT,3DA41BDF-C7E4-4FFE-B1C7-67BB4AAABC01,0x64028,0x3A321FE0)\VenMedia(BE74FCF7-0B7C-49F3-9147-01F4042E6842,08C723C2C45AE431B92958FFBC95E291)) ... skipped
0:566  0:000      Checking volume "Recovery" (PciRoot(0x0)\Pci(0x1D,0x0)\Pci(0x0,0x0)\NVMe(0x1,44-E7-93-44-8B-44-1B-00)\HD(2,GPT,3DA41BDF-C7E4-4FFE-B1C7-67BB4AAABC01,0x64028,0x3A321FE0)\VenMedia(BE74FCF7-0B7C-49F3-9147-01F4042E6842,2A833F242DCBB84DBD9D8D171A10904C)) ... skipped because volume is hidden
0:566  0:000      Checking volume "VM" (PciRoot(0x0)\Pci(0x1D,0x0)\Pci(0x0,0x0)\NVMe(0x1,44-E7-93-44-8B-44-1B-00)\HD(2,GPT,3DA41BDF-C7E4-4FFE-B1C7-67BB4AAABC01,0x64028,0x3A321FE0)\VenMedia(BE74FCF7-0B7C-49F3-9147-01F4042E6842,F7248AEEB849CC46B9CF500889CA881C)) ... skipped
0:566  0:000  Custom entry 1 Title:"Macintosh HD" Path:"\System\Library\CoreServices\boot.efi" Type:1 Flags:0x2 matching Volume:"C223C708-5AC4-31E4-B929-58FFBC95E291"
0:566  0:000      Checking volume "Windows 10" (PciRoot(0x0)\Pci(0x1B,0x0)\Pci(0x0,0x0)\NVMe(0x1,00-00-00-00-00-00-00-00)\HD(2,GPT,93D27FD2-A37B-4AA0-8EA0-7C00D10C7A09,0x8800,0x772CB3EF)) ... skipped
0:566  0:000      Checking volume "" (PciRoot(0x0)\Pci(0x1B,0x0)\Pci(0x0,0x0)\NVMe(0x1,00-00-00-00-00-00-00-00)\HD(3,GPT,1E832AA3-8E43-452F-8E68-F18F82181647,0x772D4000,0xE8800)) ... skipped
0:566  0:000      Checking volume "EFI" (PciRoot(0x0)\Pci(0x1D,0x0)\Pci(0x0,0x0)\NVMe(0x1,44-E7-93-44-8B-44-1B-00)\HD(1,GPT,CAFA737B-F494-4FCB-A321-57F8F13DA61D,0x28,0x64000)) ... skipped
0:566  0:000      Checking volume "Preboot" (PciRoot(0x0)\Pci(0x1D,0x0)\Pci(0x0,0x0)\NVMe(0x1,44-E7-93-44-8B-44-1B-00)\HD(2,GPT,3DA41BDF-C7E4-4FFE-B1C7-67BB4AAABC01,0x64028,0x3A321FE0)\VenMedia(BE74FCF7-0B7C-49F3-9147-01F4042E6842,3F0A6C9A39378249B99F5057DA803241)) ... skipped because volume is hidden
0:566  0:000      Checking volume "Hackintosh HD" (PciRoot(0x0)\Pci(0x1D,0x0)\Pci(0x0,0x0)\NVMe(0x1,44-E7-93-44-8B-44-1B-00)\HD(2,GPT,3DA41BDF-C7E4-4FFE-B1C7-67BB4AAABC01,0x64028,0x3A321FE0)\VenMedia(BE74FCF7-0B7C-49F3-9147-01F4042E6842,08C723C2C45AE431B92958FFBC95E291)) ... skipped
0:566  0:000      Checking volume "Recovery" (PciRoot(0x0)\Pci(0x1D,0x0)\Pci(0x0,0x0)\NVMe(0x1,44-E7-93-44-8B-44-1B-00)\HD(2,GPT,3DA41BDF-C7E4-4FFE-B1C7-67BB4AAABC01,0x64028,0x3A321FE0)\VenMedia(BE74FCF7-0B7C-49F3-9147-01F4042E6842,2A833F242DCBB84DBD9D8D171A10904C)) ... skipped because volume is hidden
0:566  0:000      Checking volume "VM" (PciRoot(0x0)\Pci(0x1D,0x0)\Pci(0x0,0x0)\NVMe(0x1,44-E7-93-44-8B-44-1B-00)\HD(2,GPT,3DA41BDF-C7E4-4FFE-B1C7-67BB4AAABC01,0x64028,0x3A321FE0)\VenMedia(BE74FCF7-0B7C-49F3-9147-01F4042E6842,F7248AEEB849CC46B9CF500889CA881C)) ... skipped
0:566  0:000  === [ ScanLoader ] ========================================
0:566  0:000  - [02]: 'Windows 10'
0:566  0:000          AddLoaderEntry for Volume Name=Windows 10
0:566  0:000       skipped because path `PciRoot(0x0)\Pci(0x1B,0x0)\Pci(0x0,0x0)\NVMe(0x1,00-00-00-00-00-00-00-00)\HD(2,GPT,93D27FD2-A37B-4AA0-8EA0-7C00D10C7A09,0x8800,0x772CB3EF)\EFI\microsoft\Boot\bootmgfw.efii` already exists for another entry!
0:566  0:000          AddLoaderEntry for Volume Name=Windows 10
0:566  0:000          skipped because entry is hidden
0:566  0:000  - [03]: ''
0:566  0:000  - [05]: 'EFI'
0:568  0:002          AddLoaderEntry for Volume Name=EFI
0:570  0:001          AddLoaderEntry for Volume Name=EFI
0:572  0:002          AddLoaderEntry for Volume Name=EFI
0:572  0:000          skipped because entry is hidden
0:572  0:000  - [07]: 'Preboot', hidden
0:572  0:000  - [08]: 'Hackintosh HD'
0:633  0:061          AddLoaderEntry for Volume Name=Hackintosh HD
0:648  0:014      Check if volume Is Hibernated:
0:648  0:000      Check sleep image 'by signature':
0:670  0:021      read prefs \Library\Preferences\com.apple.PowerManagement.plist status=Success
0:670  0:000      using default sleep image name = \private\var\vm\sleepimage
0:680  0:010      sleepimage not found -> Not Found
0:680  0:000      hibernated: no - sign
0:688  0:007  - [09]: 'Recovery', hidden
0:688  0:000  - [10]: 'VM'
0:688  0:000  === [ AddCustomTool ] =====================================
0:688  0:000  found tool \EFI\CLOVER\tools\Shell64U.efi
0:688  0:000  Checking EFI partition Volume 5 for Clover
0:689  0:000   Found Clover
0:689  0:000  EmuVariable UninstallEmulation: CloseEvent = Success, original var services restored
0:690  0:001  EmuVariable InstallEmulation: orig vars copied, emu.var.services installed, CreateEvent VirtualAddressChange = Success, CreateEvent ExitBootServices = Success, set Status=Success
0:717  0:026  === [ GetEfiBootDeviceFromNvram ] =========================
0:717  0:000   - efi-boot-device-data: PciRoot(0x0)\Pci(0x1D,0x0)\Pci(0x0,0x0)\NVMe(0x1,44-E7-93-44-8B-44-1B-00)\HD(2,GPT,3DA41BDF-C7E4-4FFE-B1C7-67BB4AAABC01,0x64028,0x3A321FE0)\VenMedia(BE74FCF7-0B7C-49F3-9147-01F4042E6842,08C723C2C45AE431B92958FFBC95E291)
0:717  0:000    - Volume: 'PciRoot(0x0)\Pci(0x1D,0x0)\Pci(0x0,0x0)\NVMe(0x1,44-E7-93-44-8B-44-1B-00)\HD(2,GPT,3DA41BDF-C7E4-4FFE-B1C7-67BB4AAABC01,0x64028,0x3A321FE0)\VenMedia(BE74FCF7-0B7C-49F3-9147-01F4042E6842,08C723C2C45AE431B92958FFBC95E291)'
0:717  0:000    - LoaderPath: '<null string>'
0:717  0:000    - Guid = 3DA41BDF-C7E4-4FFE-B1C7-67BB4AAABC01
0:717  0:000  === [ FindStartupDiskVolume ] =============================
0:717  0:000    - Volume: partition = PciRoot(0x0)\Pci(0x1D,0x0)\Pci(0x0,0x0)\NVMe(0x1,44-E7-93-44-8B-44-1B-00)\HD(2,GPT,3DA41BDF-C7E4-4FFE-B1C7-67BB4AAABC01,0x64028,0x3A321FE0)\VenMedia(BE74FCF7-0B7C-49F3-9147-01F4042E6842,08C723C2C45AE431B92958FFBC95E291)
0:717  0:000     - searching for that partition
0:717  0:000      - found entry 3. 'Boot macOS from Hackintosh HD', Volume 'Hackintosh HD'
0:717  0:000  Boot redirected to Entry 3. 'Boot macOS from Hackintosh HD'
0:717  0:000  EmuVariable UninstallEmulation: CloseEvent = Success, original var services restored
0:717  0:000  DefaultIndex=3 and MainMenu.EntryCount=10
0:791  0:073  GUI ready
29:956  29:165  Found BIOS RSDP at FCF30
29:956  0:000  Printing ACPI tables from RSDP FCF30 ...
29:956  0:000   FCF30: 'RSD PTR ', Rev: 2 (Acpi 2.0 or newer), Len: 36
29:956  0:000    (Xsdt: 4F46C0A8, Rsdt: 4F46C028)
29:956  0:000    4F46C0A8: 'XSDT', 'A M I', Rev: 1, Len: 204
29:956  0:000    4F46C028: 'RSDT', 'A M I', Rev: 1, Len: 120
29:956  0:000    Tables in Xsdt: 21
29:956  0:000    0. 4F4ADB80: 'FACP', 'A M I', Rev: 6, Len: 276
29:956  0:000        (Dsdt: 4F46C208, Facs: 4F55B080, XDsdt: 4F46C208, XFacs: 0)
29:956  0:000        4F46C208: 'DSDT', 'A M I', Rev: 2, Len: 268657
29:960  0:003        4F55B080: 'FACS', Ver: 2, Len: 64
29:960  0:000    1. 4F4ADC98: 'APIC', 'A M I', Rev: 4, Len: 300
29:960  0:000    2. 4F4ADDC8: 'FPDT', 'A M I', Rev: 1, Len: 68
29:960  0:000    3. 4F4ADE10: 'FIDT', 'A M I', Rev: 1, Len: 156
29:960  0:000    4. 4F4ADEB0: 'MCFG', 'A M I', Rev: 1, Len: 60
29:960  0:000    5. 4F4ADEF0: 'SSDT', 'SataTabl', Rev: 1, Len: 888
29:960  0:000    6. 4F4AE268: 'SSDT', 'CpuSsdt', Rev: 2, Len: 6940
29:960  0:000    7. 4F4AFD88: 'AAFT', 'OEMAAFT', Rev: 1, Len: 552
29:960  0:000    8. 4F4AFFB0: 'SSDT', 'SaSsdt', Rev: 2, Len: 12742
29:960  0:000    9. 4F4B3178: 'SSDT', 'PegSsdt', Rev: 2, Len: 8987
29:960  0:000    10. 4F4B5498: 'HPET', 'A M I', Rev: 1, Len: 56
29:960  0:000    11. 4F4B54D0: 'SSDT', 'xh_cfsd4', Rev: 2, Len: 10576
29:960  0:000    12. 4F4B7E20: 'UEFI', 'A M I', Rev: 1, Len: 66
29:960  0:000    13. 4F4B7E68: 'LPIT', 'A M I', Rev: 1, Len: 92
29:960  0:000    14. 4F4B7EC8: 'SSDT', 'TbtTypeC', Rev: 2, Len: 5346
29:960  0:000    15. 4F4B93B0: 'DBGP', 'A M I', Rev: 1, Len: 52
29:960  0:000    16. 4F4B93E8: 'DBG2', 'A M I', Rev: 0, Len: 84
29:960  0:000    17. 4F4B9440: 'SSDT', 'UsbCTabl', Rev: 2, Len: 7015
29:960  0:000    18. 4F4BAFA8: 'SSDT', 'ADebTabl', Rev: 2, Len: 324
29:960  0:000    19. 4F4BB0F0: 'BGRT', 'A M I', Rev: 1, Len: 56
29:960  0:000    20. 4F4BB128: 'WSMT', 'A M I', Rev: 1, Len: 40
29:960  0:000    Tables in Rsdt: 21
29:960  0:000    0. 4F46C180: 'FACP', 'A M I', Rev: 2, Len: 132
29:960  0:000        (Dsdt: 4F46C208, Facs: 4F55B040)
29:960  0:000        4F46C208: 'DSDT', 'A M I', Rev: 2, Len: 268657
29:963  0:003        4F55B040: 'FACS', Ver: 0, Len: 64
29:963  0:000    1. 4F4ADC98: 'APIC', 'A M I', Rev: 4, Len: 300
29:963  0:000    2. 4F4ADDC8: 'FPDT', 'A M I', Rev: 1, Len: 68
29:963  0:000    3. 4F4ADE10: 'FIDT', 'A M I', Rev: 1, Len: 156
29:963  0:000    4. 4F4ADEB0: 'MCFG', 'A M I', Rev: 1, Len: 60
29:963  0:000    5. 4F4ADEF0: 'SSDT', 'SataTabl', Rev: 1, Len: 888
29:963  0:000    6. 4F4AE268: 'SSDT', 'CpuSsdt', Rev: 2, Len: 6940
29:963  0:000    7. 4F4AFD88: 'AAFT', 'OEMAAFT', Rev: 1, Len: 552
29:963  0:000    8. 4F4AFFB0: 'SSDT', 'SaSsdt', Rev: 2, Len: 12742
29:963  0:000    9. 4F4B3178: 'SSDT', 'PegSsdt', Rev: 2, Len: 8987
29:963  0:000    10. 4F4B5498: 'HPET', 'A M I', Rev: 1, Len: 56
29:963  0:000    11. 4F4B54D0: 'SSDT', 'xh_cfsd4', Rev: 2, Len: 10576
29:963  0:000    12. 4F4B7E20: 'UEFI', 'A M I', Rev: 1, Len: 66
29:963  0:000    13. 4F4B7E68: 'LPIT', 'A M I', Rev: 1, Len: 92
29:963  0:000    14. 4F4B7EC8: 'SSDT', 'TbtTypeC', Rev: 2, Len: 5346
29:963  0:000    15. 4F4B93B0: 'DBGP', 'A M I', Rev: 1, Len: 52
29:963  0:000    16. 4F4B93E8: 'DBG2', 'A M I', Rev: 0, Len: 84
29:963  0:000    17. 4F4B9440: 'SSDT', 'UsbCTabl', Rev: 2, Len: 7015
29:963  0:000    18. 4F4BAFA8: 'SSDT', 'ADebTabl', Rev: 2, Len: 324
29:963  0:000    19. 4F4BB0F0: 'BGRT', 'A M I', Rev: 1, Len: 56
29:963  0:000    20. 4F4BB128: 'WSMT', 'A M I', Rev: 1, Len: 40
29:963  0:000  Found UEFI Acpi 2.0 RSDP at 4F46C000
29:963  0:000  Saving ACPI tables from RSDP 4F46C000 to EFI\CLOVER\ACPI\origin ...
29:963  0:000   4F46C000: 'RSD PTR ', Rev: 2 (Acpi 2.0 or newer), Len: 36 -> RSDP.aml
29:974  0:010    (Xsdt: 4F46C0A8, Rsdt: 4F46C028)
29:974  0:000    4F46C0A8: 'XSDT', 'A M I', Rev: 1, Len: 204 -> XSDT.aml
29:982  0:008    4F46C028: 'RSDT', 'A M I', Rev: 1, Len: 120 -> RSDT.aml
29:991  0:008    Tables in Xsdt: 21
29:991  0:000    0. 4F4ADB80: 'FACP', 'A M I', Rev: 6, Len: 276 -> FACP.aml
29:999  0:008        (Dsdt: 4F46C208, Facs: 4F55B080, XDsdt: 4F46C208, XFacs: 0)
29:999  0:000        4F46C208: 'DSDT', 'A M I', Rev: 2, Len: 268657 -> DSDT.aml
30:012  0:012        4F55B080: 'FACS', Ver: 2, Len: 64 -> FACS.aml
30:020  0:008    1. 4F4ADC98: 'APIC', 'A M I', Rev: 4, Len: 300 -> APIC.aml
30:029  0:008    2. 4F4ADDC8: 'FPDT', 'A M I', Rev: 1, Len: 68 -> FPDT.aml
30:037  0:008    3. 4F4ADE10: 'FIDT', 'A M I', Rev: 1, Len: 156 -> FIDT.aml
30:047  0:009    4. 4F4ADEB0: 'MCFG', 'A M I', Rev: 1, Len: 60 -> MCFG.aml
30:055  0:008    5. 4F4ADEF0: 'SSDT', 'SataTabl', Rev: 1, Len: 888 -> SSDT-0-SataTabl.aml
30:064  0:008    6. 4F4AE268: 'SSDT', 'CpuSsdt', Rev: 2, Len: 6940 -> SSDT-1-CpuSsdt.aml (Found hidden SSDT 9 pcs)
30:072  0:008        * 4EF9A018: 'SSDT', 'Cpu0Ist', Rev: 2, Len: 1739  53 53 44 54 CB 06 00 00 02 81 50 6D 52 65 66 00 Internal length = 1739 -> SSDT-x1_0-Cpu0Ist.aml
30:081  0:008        * 4EFDA518: 'SSDT', 'ApIst', Rev: 2, Len: 1532  53 53 44 54 FC 05 00 00 02 23 50 6D 52 65 66 00 Internal length = 1532 -> SSDT-x1_1-ApIst.aml
30:089  0:008        * 4EF98018: 'SSDT', 'Cpu0Cst', Rev: 2, Len: 1024  53 53 44 54 00 04 00 00 02 D9 50 6D 52 65 66 00 Internal length = 1024 -> SSDT-x1_2-Cpu0Cst.aml
30:099  0:009        * 4EF9AA98: 'SSDT', 'ApCst', Rev: 2, Len: 778  53 53 44 54 0A 03 00 00 02 E9 50 6D 52 65 66 00 Internal length = 778 -> SSDT-x1_3-ApCst.aml
30:107  0:008        * 4BE6F818: 'SSDT', 'Cpu0Hwp', Rev: 2, Len: 283  53 53 44 54 1B 01 00 00 02 61 50 6D 52 65 66 00 Internal length = 283 -> SSDT-x1_4-Cpu0Hwp.aml
30:115  0:008        * 4BE71018: 'SSDT', 'ApHwp', Rev: 2, Len: 791  53 53 44 54 17 03 00 00 02 E3 50 6D 52 65 66 00 Internal length = 791 -> SSDT-x1_5-ApHwp.aml
30:123  0:008        * 4BE61018: 'SSDT', 'HwpLvt', Rev: 2, Len: 1828  53 53 44 54 24 07 00 00 02 CA 50 6D 52 65 66 00 Internal length = 1828 -> SSDT-x1_6-HwpLvt.aml
30:132  0:008        * 4EF9AE98: 'SSDT', 'Cpu0Psd', Rev: 2, Len: 244  53 53 44 54 F4 00 00 00 02 37 50 6D 52 65 66 00 Internal length = 244 -> SSDT-x1_7-Cpu0Psd.aml
30:140  0:008        * 4EF99018: 'SSDT', 'ApPsd', Rev: 2, Len: 2736  53 53 44 54 B0 0A 00 00 02 AB 50 6D 52 65 66 00 Internal length = 2736 -> SSDT-x1_8-ApPsd.aml
30:149  0:008  
30:149  0:000    7. 4F4AFD88: 'AAFT', 'OEMAAFT', Rev: 1, Len: 552 -> AAFT.aml
30:157  0:008    8. 4F4AFFB0: 'SSDT', 'SaSsdt', Rev: 2, Len: 12742 -> SSDT-2-SaSsdt.aml
30:165  0:008    9. 4F4B3178: 'SSDT', 'PegSsdt', Rev: 2, Len: 8987 -> SSDT-3-PegSsdt.aml
30:174  0:008    10. 4F4B5498: 'HPET', 'A M I', Rev: 1, Len: 56 -> HPET.aml
30:182  0:008    11. 4F4B54D0: 'SSDT', 'xh_cfsd4', Rev: 2, Len: 10576 -> SSDT-4-xh_cfsd4.aml
30:191  0:009    12. 4F4B7E20: 'UEFI', 'A M I', Rev: 1, Len: 66 -> UEFI.aml
30:200  0:008    13. 4F4B7E68: 'LPIT', 'A M I', Rev: 1, Len: 92 -> LPIT.aml
30:208  0:008    14. 4F4B7EC8: 'SSDT', 'TbtTypeC', Rev: 2, Len: 5346 -> SSDT-5-TbtTypeC.aml
30:217  0:008    15. 4F4B93B0: 'DBGP', 'A M I', Rev: 1, Len: 52 -> DBGP.aml
30:225  0:008    16. 4F4B93E8: 'DBG2', 'A M I', Rev: 0, Len: 84 -> DBG2.aml
30:233  0:008    17. 4F4B9440: 'SSDT', 'UsbCTabl', Rev: 2, Len: 7015 -> SSDT-6-UsbCTabl.aml
30:242  0:009    18. 4F4BAFA8: 'SSDT', 'ADebTabl', Rev: 2, Len: 324 -> SSDT-7-ADebTabl.aml
30:251  0:008    19. 4F4BB0F0: 'BGRT', 'A M I', Rev: 1, Len: 56 -> BGRT.aml
30:259  0:008    20. 4F4BB128: 'WSMT', 'A M I', Rev: 1, Len: 40 -> WSMT.aml
30:267  0:008    Tables in Rsdt: 21
30:267  0:000    0. 4F46C180: 'FACP', 'A M I', Rev: 2, Len: 132 -> RSDT-FACP.aml
30:281  0:013        (Dsdt: 4F46C208, Facs: 4F55B040)
30:281  0:000        4F46C208: 'DSDT', 'A M I', Rev: 2, Len: 268657
30:284  0:003        4F55B040: 'FACS', Ver: 0, Len: 64 -> RSDT-FACS.aml
30:293  0:008    1. 4F4ADC98: 'APIC', 'A M I', Rev: 4, Len: 300
30:293  0:000    2. 4F4ADDC8: 'FPDT', 'A M I', Rev: 1, Len: 68
30:293  0:000    3. 4F4ADE10: 'FIDT', 'A M I', Rev: 1, Len: 156
30:293  0:000    4. 4F4ADEB0: 'MCFG', 'A M I', Rev: 1, Len: 60
30:293  0:000    5. 4F4ADEF0: 'SSDT', 'SataTabl', Rev: 1, Len: 888
30:293  0:000    6. 4F4AE268: 'SSDT', 'CpuSsdt', Rev: 2, Len: 6940
30:293  0:000    7. 4F4AFD88: 'AAFT', 'OEMAAFT', Rev: 1, Len: 552
30:293  0:000    8. 4F4AFFB0: 'SSDT', 'SaSsdt', Rev: 2, Len: 12742
30:293  0:000    9. 4F4B3178: 'SSDT', 'PegSsdt', Rev: 2, Len: 8987
30:293  0:000    10. 4F4B5498: 'HPET', 'A M I', Rev: 1, Len: 56
30:293  0:000    11. 4F4B54D0: 'SSDT', 'xh_cfsd4', Rev: 2, Len: 10576
30:293  0:000    12. 4F4B7E20: 'UEFI', 'A M I', Rev: 1, Len: 66
30:293  0:000    13. 4F4B7E68: 'LPIT', 'A M I', Rev: 1, Len: 92
30:293  0:000    14. 4F4B7EC8: 'SSDT', 'TbtTypeC', Rev: 2, Len: 5346
30:293  0:000    15. 4F4B93B0: 'DBGP', 'A M I', Rev: 1, Len: 52
30:293  0:000    16. 4F4B93E8: 'DBG2', 'A M I', Rev: 0, Len: 84
30:293  0:000    17. 4F4B9440: 'SSDT', 'UsbCTabl', Rev: 2, Len: 7015
30:293  0:000    18. 4F4BAFA8: 'SSDT', 'ADebTabl', Rev: 2, Len: 324
30:293  0:000    19. 4F4BB0F0: 'BGRT', 'A M I', Rev: 1, Len: 56
30:293  0:000    20. 4F4BB128: 'WSMT', 'A M I', Rev: 1, Len: 40
30:293  0:000  Found UEFI Acpi 1.0 RSDP at 4F46C000
30:293  0:000  Printing ACPI tables from RSDP 4F46C000 ...
30:293  0:000   4F46C000: 'RSD PTR ', Rev: 2 (Acpi 2.0 or newer), Len: 36
30:293  0:000    (Xsdt: 4F46C0A8, Rsdt: 4F46C028)
30:293  0:000    4F46C0A8: 'XSDT', 'A M I', Rev: 1, Len: 204
30:293  0:000    4F46C028: 'RSDT', 'A M I', Rev: 1, Len: 120
30:293  0:000    Tables in Xsdt: 21
30:293  0:000    0. 4F4ADB80: 'FACP', 'A M I', Rev: 6, Len: 276
30:293  0:000        (Dsdt: 4F46C208, Facs: 4F55B080, XDsdt: 4F46C208, XFacs: 0)
30:293  0:000        4F46C208: 'DSDT', 'A M I', Rev: 2, Len: 268657
30:297  0:003        4F55B080: 'FACS', Ver: 2, Len: 64
30:297  0:000    1. 4F4ADC98: 'APIC', 'A M I', Rev: 4, Len: 300
30:297  0:000    2. 4F4ADDC8: 'FPDT', 'A M I', Rev: 1, Len: 68
30:297  0:000    3. 4F4ADE10: 'FIDT', 'A M I', Rev: 1, Len: 156
30:297  0:000    4. 4F4ADEB0: 'MCFG', 'A M I', Rev: 1, Len: 60
30:297  0:000    5. 4F4ADEF0: 'SSDT', 'SataTabl', Rev: 1, Len: 888
30:297  0:000    6. 4F4AE268: 'SSDT', 'CpuSsdt', Rev: 2, Len: 6940
30:297  0:000    7. 4F4AFD88: 'AAFT', 'OEMAAFT', Rev: 1, Len: 552
30:297  0:000    8. 4F4AFFB0: 'SSDT', 'SaSsdt', Rev: 2, Len: 12742
30:297  0:000    9. 4F4B3178: 'SSDT', 'PegSsdt', Rev: 2, Len: 8987
30:297  0:000    10. 4F4B5498: 'HPET', 'A M I', Rev: 1, Len: 56
30:297  0:000    11. 4F4B54D0: 'SSDT', 'xh_cfsd4', Rev: 2, Len: 10576
30:297  0:000    12. 4F4B7E20: 'UEFI', 'A M I', Rev: 1, Len: 66
30:297  0:000    13. 4F4B7E68: 'LPIT', 'A M I', Rev: 1, Len: 92
30:297  0:000    14. 4F4B7EC8: 'SSDT', 'TbtTypeC', Rev: 2, Len: 5346
30:297  0:000    15. 4F4B93B0: 'DBGP', 'A M I', Rev: 1, Len: 52
30:297  0:000    16. 4F4B93E8: 'DBG2', 'A M I', Rev: 0, Len: 84
30:297  0:000    17. 4F4B9440: 'SSDT', 'UsbCTabl', Rev: 2, Len: 7015
30:297  0:000    18. 4F4BAFA8: 'SSDT', 'ADebTabl', Rev: 2, Len: 324
30:297  0:000    19. 4F4BB0F0: 'BGRT', 'A M I', Rev: 1, Len: 56
30:297  0:000    20. 4F4BB128: 'WSMT', 'A M I', Rev: 1, Len: 40
30:297  0:000    Tables in Rsdt: 21
30:297  0:000    0. 4F46C180: 'FACP', 'A M I', Rev: 2, Len: 132
30:297  0:000        (Dsdt: 4F46C208, Facs: 4F55B040)
30:297  0:000        4F46C208: 'DSDT', 'A M I', Rev: 2, Len: 268657
30:300  0:003        4F55B040: 'FACS', Ver: 0, Len: 64
30:300  0:000    1. 4F4ADC98: 'APIC', 'A M I', Rev: 4, Len: 300
30:300  0:000    2. 4F4ADDC8: 'FPDT', 'A M I', Rev: 1, Len: 68
30:300  0:000    3. 4F4ADE10: 'FIDT', 'A M I', Rev: 1, Len: 156
30:300  0:000    4. 4F4ADEB0: 'MCFG', 'A M I', Rev: 1, Len: 60
30:300  0:000    5. 4F4ADEF0: 'SSDT', 'SataTabl', Rev: 1, Len: 888
30:300  0:000    6. 4F4AE268: 'SSDT', 'CpuSsdt', Rev: 2, Len: 6940
30:300  0:000    7. 4F4AFD88: 'AAFT', 'OEMAAFT', Rev: 1, Len: 552
30:300  0:000    8. 4F4AFFB0: 'SSDT', 'SaSsdt', Rev: 2, Len: 12742
30:300  0:000    9. 4F4B3178: 'SSDT', 'PegSsdt', Rev: 2, Len: 8987
30:300  0:000    10. 4F4B5498: 'HPET', 'A M I', Rev: 1, Len: 56
30:300  0:000    11. 4F4B54D0: 'SSDT', 'xh_cfsd4', Rev: 2, Len: 10576
30:300  0:000    12. 4F4B7E20: 'UEFI', 'A M I', Rev: 1, Len: 66
30:300  0:000    13. 4F4B7E68: 'LPIT', 'A M I', Rev: 1, Len: 92
30:300  0:000    14. 4F4B7EC8: 'SSDT', 'TbtTypeC', Rev: 2, Len: 5346
30:300  0:000    15. 4F4B93B0: 'DBGP', 'A M I', Rev: 1, Len: 52
30:300  0:000    16. 4F4B93E8: 'DBG2', 'A M I', Rev: 0, Len: 84
30:300  0:000    17. 4F4B9440: 'SSDT', 'UsbCTabl', Rev: 2, Len: 7015
30:300  0:000    18. 4F4BAFA8: 'SSDT', 'ADebTabl', Rev: 2, Len: 324
30:300  0:000    19. 4F4BB0F0: 'BGRT', 'A M I', Rev: 1, Len: 56
30:300  0:000    20. 4F4BB128: 'WSMT', 'A M I', Rev: 1, Len: 40
30:632  0:331  ParseBootOption: invalid input params
30:632  0:000  BootVariable of the entry is empty
30:632  0:000  === [ StartLoader ] =======================================
30:632  0:000  Finally: ExternalClock=26MHz BusSpeed=100014kHz CPUFreq=3600MHz PIS: hw.busfrequency=104000000Hz
30:632  0:000  Loading boot.efi  status=Success
30:692  0:059  GetOSVersion: 10.14.4 (18E226)
30:692  0:000  CSR_CFG: CSR_ALLOW_UNTRUSTED_KEXTS | CSR_ALLOW_KERNEL_DEBUGGER | CSR_ALLOW_UNRESTRICTED_DTRACE | CSR_ALLOW_UNRESTRICTED_NVRAM
30:692  0:000  Filtering KextPatches:
30:692  0:000   - [00]: com.apple.driver.usb.AppleUSBXHCI (Port limit increase) :: BinPatch :: [OS: 10.14.4 | MatchOS: 10.12.x | MatchBuild: All] ==> disabled by user
30:692  0:000   - [01]: com.apple.driver.usb.AppleUSBXHCI (Port limit increase (RehabMan)) :: BinPatch :: [OS: 10.14.4 | MatchOS: 10.13.x | MatchBuild: All] ==> disabled by user
30:692  0:000   - [02]: com.apple.driver.usb.AppleUSBXHCI (change 15 port limit to 26 in XHCI kext (credit PMHeart)) :: BinPatch :: [OS: 10.14.4 | MatchOS: 10.14.0 | MatchBuild: All] ==> disabled by user
30:692  0:000   - [03]: com.apple.driver.usb.AppleUSBXHCI (USB Port limit patch 10.14.1 18B45d (credits Ricky)) :: BinPatch :: [OS: 10.14.4 | MatchOS: 10.14.x | MatchBuild: All] ==> disabled by user
30:692  0:000   - [04]: AppleAHCIPort (External Icons Patch) :: BinPatch :: [OS: 10.14.4 | MatchOS: All | MatchBuild: All] ==> allowed
30:692  0:000  Will not patch boot.efi
30:692  0:000  EmuVariable InstallEmulation: orig vars copied, emu.var.services installed, CreateEvent VirtualAddressChange = Success, CreateEvent ExitBootServices = Success, set Status=Success
30:718  0:026  === [ PatchSmbios ] =======================================
30:718  0:000  insert table 9 for dev 0:0
30:718  0:000  insert table 9 for dev 0:1
30:718  0:000  insert table 9 for dev 1F:6
30:718  0:000  insert table 9 for dev 0:0
30:719  0:000  Trusting SMBIOS...
30:719  0:000  Detected alternating SMBIOS channel banks
30:719  0:000  Channels: 2
30:719  0:000  Interleave: 0 2 1 3 4 6 5 7 8 10 9 11 12 14 13 15 16 18 17 19 20 22 21 23
30:719  0:000   partNum=CMK32GX4M2A2666C16  
30:719  0:000  SMBIOS Type 17 Index = 0 => 0 0:
30:719  0:000  BANK 0 DIMM0 2667MHz 16384MB
30:719  0:000   partNum=CMK32GX4M2A2666C16  
30:719  0:000  SMBIOS Type 17 Index = 1 => 1 2:
30:719  0:000  BANK 1 DIMM0 2667MHz 16384MB
30:719  0:000  mTotalSystemMemory = 32768
30:719  0:000  NumberOfMemoryDevices = 2
30:719  0:000  Type20[0]->End = 0xFFFFFF, Type17[0] = 0x4000
30:719  0:000  Type20[1]->End = 0x1FFFFFF, Type17[1] = 0xC000
30:719  0:000  Table 131 is present, CPUType=35
30:719  0:000  Change to: 705
30:719  0:000  === [ PatchACPI ] =========================================
30:719  0:000  Xsdt reallocation done
30:719  0:000  old FADT length=114
30:719  0:000   SignatureFixup: 0x8286C3B1 -> 0x0
30:720  0:000  Apply DsdtFixMask=0x00060054
30:720  0:000     drop _DSM mask=0xFFFF
30:720  0:000  === [ FixBiosDsdt ] =======================================
30:720  0:000  Patching DSDT:
30:720  0:000   - [change XHCI to XHC]: pattern 58484349, patched at: [ (F036) ]
30:720  0:000   - [change XHC1 to XHC]: pattern 58484331, bin not found / already patched!
30:721  0:000   - [change SAT0 to SATA]: pattern 53415430, patched at: [ (97F) (12) (1CA) (16) (16) (16) (16) (16) (16) (16) (16) (16) (16) (16) (5A4) (16) (16) (16) (16) (16) (F17C) (22B3) (27) (28) (28) (28) (28) (28) (29) (29) (29) (29) (29) (31) (27) (28) (28) (28) (28) (28) (29) (29) (29) (29) (29) (18415) (1A00) (21) (10B) (4D1) (1CF) (20) (20) (20) (20) (20) (2D) (20) (20) (20) (20) (20) (2D) (29) (2E) (2E) (2E) ]
30:721  0:000   - [change GFX0 to IGPU]: pattern 47465830, patched at: [ (52) (E) (12) (12) (12) (5E) (12) (77) (12) (C73) (12) (3589) (6DD9) (B82C) (1B) (3ADA) (14) (109A2) (1B84) (141C5) ]
30:721  0:000   - [Fix AsRock Z390 BIOS DSDT Device(RTC) bug. If BIOS > 1.2]: pattern A00A9353, patched at: [ (14545) ]
30:721  0:000    0 replacements
30:722  0:001  found RTC Length not match, Maybe will cause CMOS reset, will patch it.
30:722  0:000  found RTC had IRQNoFlag will move -3 bytes
30:723  0:000  found PIC had IRQNoFlag will move -3 bytes
30:723  0:000  Start HPET Fix
30:724  0:001  PreCleanup XSDT: count=21, length=204
30:724  0:000  PreCleanup XSDT, corrected XSDT: count=21, length=204
30:724  0:000  === [ ACPIDropTables ] ====================================
30:724  0:000  0. [change XHCI to XHC]: pattern 58484349, bin not found / already patched!
30:724  0:000  1. [change XHC1 to XHC]: pattern 58484331, bin not found / already patched!
30:724  0:000  2. [change SAT0 to SATA]: pattern 53415430, patched at: [ (20) (E) (12) (12) (12) (12) (12) (AB) ]
30:724  0:000  3. [change GFX0 to IGPU]: pattern 47465830, bin not found / already patched!
30:724  0:000  4. [Fix AsRock Z390 BIOS DSDT Device(RTC) bug. If BIOS > 1.2]: pattern A00A9353, bin not found / already patched!
30:724  0:000    0 replacements
30:724  0:000  0. [change XHCI to XHC]: pattern 58484349, bin not found / already patched!
30:724  0:000  1. [change XHC1 to XHC]: pattern 58484331, bin not found / already patched!
30:724  0:000  2. [change SAT0 to SATA]: pattern 53415430, bin not found / already patched!
30:724  0:000  3. [change GFX0 to IGPU]: pattern 47465830, bin not found / already patched!
30:724  0:000  4. [Fix AsRock Z390 BIOS DSDT Device(RTC) bug. If BIOS > 1.2]: pattern A00A9353, bin not found / already patched!
30:724  0:000    0 replacements
30:724  0:000  Found OperationRegion(PNVS, SystemMemory, 4FEB7000, ...)
30:724  0:000  0. [change XHCI to XHC]: pattern 58484349, bin not found / already patched!
30:724  0:000  1. [change XHC1 to XHC]: pattern 58484331, bin not found / already patched!
30:724  0:000  2. [change SAT0 to SATA]: pattern 53415430, bin not found / already patched!
30:724  0:000  3. [change GFX0 to IGPU]: pattern 47465830, patched at: [ (2D) (3A) (46) (2C1) (1C9A) (A3A) (1D) (6AF) ]
30:724  0:000  4. [Fix AsRock Z390 BIOS DSDT Device(RTC) bug. If BIOS > 1.2]: pattern A00A9353, bin not found / already patched!
30:725  0:000    0 replacements
30:725  0:000  Found OperationRegion(SANV, SystemMemory, 4F55B118, ...)
30:725  0:000  0. [change XHCI to XHC]: pattern 58484349, bin not found / already patched!
30:725  0:000  1. [change XHC1 to XHC]: pattern 58484331, bin not found / already patched!
30:725  0:000  2. [change SAT0 to SATA]: pattern 53415430, bin not found / already patched!
30:725  0:000  3. [change GFX0 to IGPU]: pattern 47465830, bin not found / already patched!
30:725  0:000  4. [Fix AsRock Z390 BIOS DSDT Device(RTC) bug. If BIOS > 1.2]: pattern A00A9353, bin not found / already patched!
30:725  0:000    0 replacements
30:725  0:000  0. [change XHCI to XHC]: pattern 58484349, bin not found / already patched!
30:725  0:000  1. [change XHC1 to XHC]: pattern 58484331, bin not found / already patched!
30:725  0:000  2. [change SAT0 to SATA]: pattern 53415430, bin not found / already patched!
30:725  0:000  3. [change GFX0 to IGPU]: pattern 47465830, bin not found / already patched!
30:725  0:000  4. [Fix AsRock Z390 BIOS DSDT Device(RTC) bug. If BIOS > 1.2]: pattern A00A9353, bin not found / already patched!
30:725  0:000    0 replacements
30:725  0:000  0. [change XHCI to XHC]: pattern 58484349, bin not found / already patched!
30:725  0:000  1. [change XHC1 to XHC]: pattern 58484331, bin not found / already patched!
30:725  0:000  2. [change SAT0 to SATA]: pattern 53415430, bin not found / already patched!
30:725  0:000  3. [change GFX0 to IGPU]: pattern 47465830, bin not found / already patched!
30:725  0:000  4. [Fix AsRock Z390 BIOS DSDT Device(RTC) bug. If BIOS > 1.2]: pattern A00A9353, bin not found / already patched!
30:725  0:000    0 replacements
30:725  0:000  0. [change XHCI to XHC]: pattern 58484349, bin not found / already patched!
30:725  0:000  1. [change XHC1 to XHC]: pattern 58484331, bin not found / already patched!
30:725  0:000  2. [change SAT0 to SATA]: pattern 53415430, bin not found / already patched!
30:725  0:000  3. [change GFX0 to IGPU]: pattern 47465830, bin not found / already patched!
30:725  0:000  4. [Fix AsRock Z390 BIOS DSDT Device(RTC) bug. If BIOS > 1.2]: pattern A00A9353, bin not found / already patched!
30:725  0:000    0 replacements
30:725  0:000  0. [change XHCI to XHC]: pattern 58484349, bin not found / already patched!
30:725  0:000  1. [change XHC1 to XHC]: pattern 58484331, bin not found / already patched!
30:725  0:000  2. [change SAT0 to SATA]: pattern 53415430, bin not found / already patched!
30:725  0:000  3. [change GFX0 to IGPU]: pattern 47465830, bin not found / already patched!
30:725  0:000  4. [Fix AsRock Z390 BIOS DSDT Device(RTC) bug. If BIOS > 1.2]: pattern A00A9353, bin not found / already patched!
30:725  0:000    0 replacements
30:725  0:000  Found OperationRegion(ADHD, SystemMemory, 4DD85000, ...)
30:725  0:000  Found OperationRegion(ABLK, SystemMemory, 4DD85020, ...)
30:725  0:000  === [ ACPIPatchedAML ] ====================================
30:725  0:000  Unsorted
30:725  0:000  Inserting SSDT_mike.aml from EFI\CLOVER\ACPI\patched: size=699 ... Success
30:725  0:000  CPUBase=0 and ApicCPUBase=1 ApicCPUNum=1
30:725  0:000  Maximum control=0x24
30:725  0:000  Turbo control=0x32
30:725  0:000  P-States: min 0x8, max 0x32
30:725  0:000  SSDT with plugin-type without P-States is generated
30:725  0:000  Cleanup XSDT: count=23, length=220
30:725  0:000  corrected XSDT count=23, length=220
30:725  0:000  === [ RestSetup macOS ] ===================================
30:725  0:000  EdidDiscovered size=128
30:725  0:000  --- Discovered EDID Table size:128
30:725  0:000  000  |  00  FF  FF  FF  FF  FF  FF  00  1E  6D
30:725  0:000  010  |  07  77  91  B2  05  00  01  1D  01  04
30:725  0:000  020  |  B5  3C  22  78  9F  3E  31  AE  50  47
30:725  0:000  030  |  AC  27  0C  50  54  21  08  00  71  40
30:725  0:000  040  |  81  80  81  C0  A9  C0  D1  C0  81  00
30:725  0:000  050  |  01  01  01  01  4D  D0  00  A0  F0  70
30:725  0:000  060  |  3E  80  30  20  65  0C  58  54  21  00
30:725  0:000  070  |  00  1A  28  68  00  A0  F0  70  3E  80
30:725  0:000  080  |  08  90  65  0C  58  54  21  00  00  1A
30:725  0:000  090  |  00  00  00  FD  00  30  3D  87  87  38
30:725  0:000  100  |  01  0A  20  20  20  20  20  20  00  00
30:725  0:000  110  |  00  FC  00  4C  47  20  48  44  52  20
30:725  0:000  120  |  34  4B  0A  20  20  20  01  C3
30:725  0:000  ATI injection not set
30:725  0:000  Intel UHD Graphics 630 [8086:3E98] :: PciRoot(0x0)\Pci(0x2,0x0)
30:725  0:000    ig-platform-id = 0x3E910003
30:725  0:000  Intel GFX revision  = 0x0
30:726  0:000   RCBA disabled; cannot use it
30:726  0:000   setting specified layout-id=1 (0x1)
30:726  0:000  stringlength = 1604
30:726  0:000  CurrentMode: Width=1280 Height=1024
30:726  0:000  Beginning FSInjection
FSInjectionInstall ...
- Our FSI_SIMPLE_FILE_SYSTEM_PROTOCOL installed on handle: 49448F18
FSInjectionInstall ...
- Our FSI_SIMPLE_FILE_SYSTEM_PROTOCOL installed on handle: 49448F18
30:726  0:000  Use origin smbios table type 1 guid.
30:728  0:002  Preparing kexts injection for arch=x86_64 from EFI\CLOVER\kexts\Other
30:728  0:000  Extra kext: EFI\CLOVER\kexts\Other\FakeSMC_SMMSensors.kext (v.1800)
30:731  0:002  Extra kext: EFI\CLOVER\kexts\Other\FakeSMC_LPCSensors.kext (v.1800)
30:738  0:007  Extra kext: EFI\CLOVER\kexts\Other\FakeSMC_GPUSensors.kext (v.1800)
30:740  0:002  Extra kext: EFI\CLOVER\kexts\Other\FakeSMC_CPUSensors.kext (v.1800)
30:742  0:001  Extra kext: EFI\CLOVER\kexts\Other\FakeSMC_ACPISensors.kext (v.1800)
30:745  0:003  Extra kext: EFI\CLOVER\kexts\Other\WhateverGreen.kext (v.1.2.7)
30:749  0:004  Extra kext: EFI\CLOVER\kexts\Other\VegaTab_64.kext (v.0.1)
30:752  0:002  Extra kext: EFI\CLOVER\kexts\Other\USBInjectAll.kext (v.0.7.1)
30:800  0:048  Extra kext: EFI\CLOVER\kexts\Other\IntelMausiEthernet.kext (v.2.4.1d1)
30:803  0:002  Extra kext: EFI\CLOVER\kexts\Other\Lilu.kext (v.1.3.5)
30:805  0:002  Extra kext: EFI\CLOVER\kexts\Other\AirportBrcmFixup.kext (v.1.1.9)
30:807  0:002  Extra kext: EFI\CLOVER\kexts\Other\BrcmPatchRAM2.kext (v.2.2.10)
30:826  0:019  Extra kext: EFI\CLOVER\kexts\Other\BrcmFirmwareRepo.kext (v.2.2.10)
30:829  0:002  Extra kext: EFI\CLOVER\kexts\Other\AppleALC.kext (v.1.3.6)
30:912  0:083  Extra kext: EFI\CLOVER\kexts\Other\FakeSMC.kext (v.1800)
30:918  0:005  Preparing kexts injection for arch=x86_64 from EFI\CLOVER\kexts\10.14
30:919  0:000  SetStartupDiskVolume:
30:919  0:000    * Volume: 'Hackintosh HD'
30:919  0:000    * LoaderPath: '<null string>'
30:919  0:000    * DevPath: Hackintosh HD
30:919  0:000    * GUID = 3DA41BDF-C7E4-4FFE-B1C7-67BB4AAABC01
30:919  0:000    * efi-boot-device: <array><dict><key>IOMatch</key><dict><key>IOProviderClass</key><string>IOMedia</string><key>IOPropertyMatch</key><dict><key>UUID</key><string>3DA41BDF-C7E4-4FFE-B1C7-67BB4AAABC01</string></dict></dict></dict></array>
30:919  0:000  Custom boot screen not used because entry has unset use graphics
30:919  0:000  Closing log
